<?xml version="1.0" encoding="UTF-8"?>
<!-- Generated by org.testng.reporters.JUnitXMLReporter -->
<testsuite hostname="Mohannas-MBP.home" ignored="0" name="Default test" tests="4" failures="0" timestamp="2020-08-09T23:31:01 EDT" time="9.155" errors="0">
  <testcase name="verifyPageTitleTest" time="5.019" classname="com.qa.darksky.test.HomePageTest"/>
  <testcase name="verifyFindMyCityTest" time="1.097" classname="com.qa.darksky.test.HomePageTest"/>
  <testcase name="verifyTemprTest" time="0.178" classname="com.qa.darksky.test.HomePageTest"/>
  <testcase name="verifydisplayed" time="0.036" classname="com.qa.darksky.test.HomePageTest"/>
</testsuite> <!-- Default test -->
