<?xml version="1.0" encoding="UTF-8"?>
<testng-results skipped="0" failed="0" ignored="0" total="4" passed="4">
  <reporter-output>
  </reporter-output>
  <suite name="Default suite" duration-ms="9155" started-at="2020-08-09T23:30:52 EDT" finished-at="2020-08-09T23:31:01 EDT">
    <groups>
    </groups>
    <test name="Default test" duration-ms="9155" started-at="2020-08-09T23:30:52 EDT" finished-at="2020-08-09T23:31:01 EDT">
      <class name="com.qa.darksky.test.HomePageTest">
        <test-method status="PASS" signature="setUp()[pri:0, instance:com.qa.darksky.test.HomePageTest@1c3a4799]" name="setUp" is-config="true" duration-ms="2681" started-at="2020-08-09T23:30:52 EDT" finished-at="2020-08-09T23:30:55 EDT">
          <reporter-output>
          </reporter-output>
        </test-method> <!-- setUp -->
        <test-method status="PASS" signature="verifyPageTitleTest()[pri:1, instance:com.qa.darksky.test.HomePageTest@1c3a4799]" name="verifyPageTitleTest" duration-ms="5019" started-at="2020-08-09T23:30:55 EDT" finished-at="2020-08-09T23:31:00 EDT">
          <reporter-output>
          </reporter-output>
        </test-method> <!-- verifyPageTitleTest -->
        <test-method status="PASS" signature="verifyFindMyCityTest()[pri:2, instance:com.qa.darksky.test.HomePageTest@1c3a4799]" name="verifyFindMyCityTest" duration-ms="1097" started-at="2020-08-09T23:31:00 EDT" finished-at="2020-08-09T23:31:01 EDT">
          <reporter-output>
          </reporter-output>
        </test-method> <!-- verifyFindMyCityTest -->
        <test-method status="PASS" signature="verifyTemprTest()[pri:3, instance:com.qa.darksky.test.HomePageTest@1c3a4799]" name="verifyTemprTest" duration-ms="178" started-at="2020-08-09T23:31:01 EDT" finished-at="2020-08-09T23:31:01 EDT">
          <reporter-output>
          </reporter-output>
        </test-method> <!-- verifyTemprTest -->
        <test-method status="PASS" signature="verifydisplayed()[pri:4, instance:com.qa.darksky.test.HomePageTest@1c3a4799]" name="verifydisplayed" duration-ms="36" started-at="2020-08-09T23:31:01 EDT" finished-at="2020-08-09T23:31:01 EDT">
          <reporter-output>
          </reporter-output>
        </test-method> <!-- verifydisplayed -->
        <test-method status="PASS" signature="tearDown()[pri:0, instance:com.qa.darksky.test.HomePageTest@1c3a4799]" name="tearDown" is-config="true" duration-ms="111" started-at="2020-08-09T23:31:01 EDT" finished-at="2020-08-09T23:31:01 EDT">
          <reporter-output>
          </reporter-output>
        </test-method> <!-- tearDown -->
      </class> <!-- com.qa.darksky.test.HomePageTest -->
    </test> <!-- Default test -->
  </suite> <!-- Default suite -->
</testng-results>
